12.0796 	ERROR 	Screen apparently NOT the desired resolution of 1280x800 pixels!!
23.2179 	WARNING 	User requested fullscreen with size [1280  800], but screen is actually [1440, 900]. Using actual size
23.7360 	INFO 	Successfully set darwin thread to realtime
24.8084 	INFO 	#[ PsychoPy2 RuntimeInfoStart ]
  #[[ PsychoPy ]] #---------
    psychopyVersion: 1.82.00
    psychopyHaveExtRush: True
  #[[ Experiment ]] #---------
    experimentRunTime: 2015_03_16 12:05 (Year_Month_Day Hour:Min)
    experimentRunTime.epoch: 1426467913
    experimentScript: twoWords.py
    experimentScript.digestSHA1: 8b71c50ae1207cd58ba9ca186e69d54c681e1280
    experimentScript.directory: /Users/alexh/Documents/Teaching/SpecialFields_honours/Holcombe_2015_SpecialFields_Honours/twoWords_psychopy_repo
  #[[ System ]] #---------
    systemHaveInternetAccess: True
    systemHostName: vlan-2669-10-17-29-41.staff.wireless.sydney.edu.au
    systemLocale: C
    systemMemFreeRAM: 452
    systemMemTotalRAM: 16384
    systemPlatform: darwin 10.10.2 x86_64
    systemPyo.InputDevices: {0: {'host api index': 0, 'latency': 0.0029931971803307533, 'default sr': 44100, 'name': u'Built-in Microph'}}
    systemPyo.OutputDevices: {1: {'host api index': 0, 'latency': 0.013582766056060791, 'default sr': 44100, 'name': u'Built-in Output'}}
    systemPyoVersion: 0.6.6
    systemRavailable: R version 3.1.2 (2014-10-31) -- Pumpkin Helmet
    systemRebooted: Mar 11 14:10
    systemSec.OpenSSLVersion: OpenSSL 0.9.8zc 15 Oct 2014
    systemSec.pythonSSL: True
    systemTimeNumpySD1000000_sec: 0.0077
    systemUser: alexh
    systemUserID: 503
    systemUserProcCount: 181
    systemUserProcFlagged: Dropbox ''Google Chrome'' Safari mdworker
    systemUsersCount: 1
  #[[ Window ]] #---------
    windowWinType: pyglet
    windowUnits: deg
    windowSize_pix: [1440  900]
    windowScreen: 0
    windowRgb: [-0.7 -0.7 -0.7]
    windowRefreshTimeSD_ms: 0.868
    windowRefreshTimeMedian_ms: 16.750
    windowRefreshTimeAvg_ms: 16.697
    windowPos_pix: [0, 0]
    windowMonitor.name: testmonitor
    windowMonitor.getWidth_cm: 38.7
    windowMonitor.getDistance_cm: 57.0
    windowMonitor.currentCalibName: 2013_03_13 10:41
    windowIsFullScr: True
  #[[ Python ]] #---------
    pythonVersion: 2.7.3
  #[[ OpenGL ]] #---------
#[ PsychoPy2 RuntimeInfoEnd ]

24.8231 	EXP 	Set  sound=406__tictacshutup__click-1-d.wav
24.9253 	EXP 	Set  sound=406__tictacshutup__click-1-d.wav
24.9255 	EXP 	Set  sound=A
24.9350 	EXP 	Created sequence: random, trialTypes=20, nReps=1, seed=None
25.0236 	EXP 	Created sequence: random, trialTypes=20, nReps=1, seed=None
25.0239 	INFO 	numtrials=20 and each trialDurFrames=168 or 2800.0 ms  task=T1
25.0250 	INFO 	Experiment will have 20 trials. Letters will be drawn with superposed noise of 0.00%
25.0250 	INFO 	Starting main (non-staircase) part of experiment
25.0252 	EXP 	New trial (rep=0, index=0): {'leftStreamFlip': False, 'rightResponseFirst': True, 'rightStreamFlip': False, 'cuePos': 7}
28.8418 	EXP 	window1: recordFrameIntervals = False
29.3592 	DATA 	Keypress: g
29.3600 	EXP 	Sound  started
29.9598 	DATA 	Keypress: backspace
30.1764 	DATA 	Keypress: s
30.1768 	EXP 	Sound  started
30.3092 	DATA 	Keypress: a
30.3096 	EXP 	Sound  started
30.4469 	DATA 	Keypress: y
30.4592 	EXP 	Sound  started
31.1428 	DATA 	Keypress: g
31.1431 	EXP 	Sound  started
31.3597 	DATA 	Keypress: e
31.3600 	EXP 	Sound  started
31.5433 	DATA 	Keypress: t
31.5436 	EXP 	Sound  started
31.6653 	EXP 	Set  sound=G
31.6657 	EXP 	Set  sound=F
31.6657 	EXP 	Set Sound  volume=0.900
31.6657 	EXP 	Set Sound  volume=1.000
31.6657 	EXP 	Sound  started
32.0679 	EXP 	New trial (rep=0, index=1): {'leftStreamFlip': False, 'rightResponseFirst': True, 'rightStreamFlip': False, 'cuePos': 9}
35.8268 	EXP 	window1: recordFrameIntervals = False
37.9926 	DATA 	Keypress: s
37.9929 	EXP 	Sound  started
38.0935 	DATA 	Keypress: h
38.0938 	EXP 	Sound  started
38.2142 	DATA 	Keypress: e
38.2266 	EXP 	Sound  started
62.5966 	DATA 	Keypress: s
62.5969 	EXP 	Sound  started
62.7008 	DATA 	Keypress: a
62.7133 	EXP 	Sound  started
62.7969 	DATA 	Keypress: y
62.7974 	EXP 	Sound  started
62.9142 	EXP 	Set  sound=G
62.9147 	EXP 	Set  sound=F
62.9147 	EXP 	Set Sound  volume=0.900
62.9147 	EXP 	Set Sound  volume=1.000
62.9147 	EXP 	Sound  started
63.3169 	EXP 	New trial (rep=0, index=2): {'leftStreamFlip': True, 'rightResponseFirst': False, 'rightStreamFlip': True, 'cuePos': 7}
67.3297 	EXP 	window1: recordFrameIntervals = False
70.0509 	DATA 	Keypress: o
70.0630 	EXP 	Sound  started
70.5132 	DATA 	Keypress: w
70.5135 	EXP 	Sound  started
70.6138 	DATA 	Keypress: l
70.6141 	EXP 	Sound  started
71.4964 	DATA 	Keypress: s
71.4967 	EXP 	Sound  started
71.8672 	DATA 	Keypress: i
71.8799 	EXP 	Sound  started
72.2974 	DATA 	Keypress: t
72.2977 	EXP 	Sound  started
72.3137 	WARNING 	Response was not present in the stimulus stream
72.3138 	WARNING 	Response was not present in the stimulus stream
72.4148 	EXP 	Set  sound=G
72.4153 	EXP 	Set  sound=F
72.4153 	EXP 	Set Sound  volume=0.900
72.4153 	EXP 	Set Sound  volume=1.000
72.4153 	EXP 	Sound  started
72.8167 	EXP 	New trial (rep=0, index=3): {'leftStreamFlip': False, 'rightResponseFirst': False, 'rightStreamFlip': False, 'cuePos': 10}
76.5142 	EXP 	window1: recordFrameIntervals = False
77.2982 	DATA 	Keypress: a
77.2985 	EXP 	Sound  started
77.4641 	DATA 	Keypress: n
77.4644 	EXP 	Sound  started
77.6538 	DATA 	Keypress: d
77.6639 	EXP 	Sound  started
86.5319 	DATA 	Keypress: h
86.5322 	EXP 	Sound  started
86.6021 	DATA 	Keypress: o
86.6153 	EXP 	Sound  started
86.6981 	DATA 	Keypress: w
86.6984 	EXP 	Sound  started
86.8155 	EXP 	Set  sound=G
86.8159 	EXP 	Set  sound=F
86.8159 	EXP 	Set Sound  volume=0.900
86.8159 	EXP 	Set Sound  volume=1.000
86.8159 	EXP 	Sound  started
87.2180 	EXP 	New trial (rep=0, index=4): {'leftStreamFlip': True, 'rightResponseFirst': True, 'rightStreamFlip': True, 'cuePos': 8}
91.3493 	EXP 	window1: recordFrameIntervals = False
91.3570 	ERROR 	trialnum=4 ERROR,1 frames were longer than 21.67 ms apparently screen refreshes skipped, interframe durs were:[ 22.] and was these frames: [28]
91.3573 	INFO 	flankers also=[ 16.3  22.   11. ]
93.4989 	DATA 	Keypress: s
93.4993 	EXP 	Sound  started
93.6037 	DATA 	Keypress: a
93.6164 	EXP 	Sound  started
93.6821 	DATA 	Keypress: y
93.6823 	EXP 	Sound  started
94.7492 	DATA 	Keypress: o
94.7495 	EXP 	Sound  started
94.9552 	DATA 	Keypress: u
94.9646 	EXP 	Sound  started
95.0834 	DATA 	Keypress: t
95.0837 	EXP 	Sound  started
95.2015 	EXP 	Set  sound=G
95.2019 	EXP 	Set  sound=F
95.2020 	EXP 	Set Sound  volume=0.900
95.2020 	EXP 	Set Sound  volume=1.000
95.2020 	EXP 	Sound  started
95.6042 	EXP 	New trial (rep=0, index=5): {'leftStreamFlip': False, 'rightResponseFirst': False, 'rightStreamFlip': False, 'cuePos': 6}
99.5324 	EXP 	window1: recordFrameIntervals = False
100.2209 	DATA 	Keypress: h
100.2318 	EXP 	Sound  started
100.3054 	DATA 	Keypress: e
100.3162 	EXP 	Sound  started
100.4070 	DATA 	Keypress: r
100.4086 	EXP 	Sound  started
101.3060 	DATA 	Keypress: g
101.3155 	EXP 	Sound  started
101.4162 	DATA 	Keypress: e
101.4166 	EXP 	Sound  started
101.5330 	DATA 	Keypress: t
101.5333 	EXP 	Sound  started
101.6508 	EXP 	Set  sound=G
101.6512 	EXP 	Set  sound=F
101.6512 	EXP 	Set Sound  volume=0.900
101.6512 	EXP 	Set Sound  volume=1.000
101.6512 	EXP 	Sound  started
102.0534 	EXP 	New trial (rep=0, index=6): {'leftStreamFlip': False, 'rightResponseFirst': False, 'rightStreamFlip': False, 'cuePos': 9}
106.0668 	EXP 	window1: recordFrameIntervals = False
107.1710 	DATA 	Keypress: t
107.1839 	EXP 	Sound  started
107.2408 	DATA 	Keypress: h
107.2501 	EXP 	Sound  started
107.3397 	DATA 	Keypress: e
107.3502 	EXP 	Sound  started
107.9835 	DATA 	Keypress: s
107.9838 	EXP 	Sound  started
108.1511 	DATA 	Keypress: h
108.1515 	EXP 	Sound  started
108.3055 	DATA 	Keypress: e
108.3171 	EXP 	Sound  started
108.4347 	EXP 	Set  sound=G
108.4353 	EXP 	Set  sound=F
108.4353 	EXP 	Set Sound  volume=0.900
108.4354 	EXP 	Set Sound  volume=1.000
108.4354 	EXP 	Sound  started
108.8376 	EXP 	New trial (rep=0, index=7): {'leftStreamFlip': False, 'rightResponseFirst': False, 'rightStreamFlip': False, 'cuePos': 7}
112.9674 	EXP 	window1: recordFrameIntervals = False
112.9751 	ERROR 	trialnum=7 ERROR,1 frames were longer than 21.67 ms apparently screen refreshes skipped, interframe durs were:[ 26.6] and was these frames: [42]
112.9754 	INFO 	flankers also=[ 16.5  26.6   5.3]
113.9166 	DATA 	Keypress: a
113.9169 	EXP 	Sound  started
114.0342 	DATA 	Keypress: l
114.0345 	EXP 	Sound  started
114.1666 	DATA 	Keypress: l
114.1668 	EXP 	Sound  started
115.3850 	DATA 	Keypress: h
115.3854 	EXP 	Sound  started
115.4340 	DATA 	Keypress: i
115.4342 	EXP 	Sound  started
116.1675 	DATA 	Keypress: m
116.1677 	EXP 	Sound  started
116.2933 	EXP 	Set  sound=G
116.2937 	EXP 	Set  sound=F
116.2937 	EXP 	Set Sound  volume=0.900
116.2938 	EXP 	Set Sound  volume=1.000
116.2938 	EXP 	Sound  started
116.6958 	EXP 	New trial (rep=0, index=8): {'leftStreamFlip': True, 'rightResponseFirst': False, 'rightStreamFlip': True, 'cuePos': 9}
120.8520 	EXP 	window1: recordFrameIntervals = False
124.0565 	DATA 	Keypress: h
124.0685 	EXP 	Sound  started
124.1231 	DATA 	Keypress: i
124.1356 	EXP 	Sound  started
124.3754 	DATA 	Keypress: m
124.3860 	EXP 	Sound  started
125.2079 	DATA 	Keypress: w
125.2190 	EXP 	Sound  started
125.2900 	DATA 	Keypress: h
125.3015 	EXP 	Sound  started
125.3687 	DATA 	Keypress: o
125.3690 	EXP 	Sound  started
125.4865 	EXP 	Set  sound=G
125.4870 	EXP 	Set  sound=F
125.4870 	EXP 	Set Sound  volume=0.900
125.4870 	EXP 	Set Sound  volume=1.000
125.4870 	EXP 	Sound  started
125.8882 	EXP 	New trial (rep=0, index=9): {'leftStreamFlip': True, 'rightResponseFirst': False, 'rightStreamFlip': True, 'cuePos': 8}
129.6859 	EXP 	window1: recordFrameIntervals = False
138.7764 	DATA 	Keypress: h
138.7861 	EXP 	Sound  started
138.9203 	DATA 	Keypress: i
138.9206 	EXP 	Sound  started
139.0286 	DATA 	Keypress: t
139.0360 	EXP 	Sound  started
140.6711 	DATA 	Keypress: d
140.6714 	EXP 	Sound  started
140.7442 	DATA 	Keypress: i
140.7531 	EXP 	Sound  started
140.9771 	DATA 	Keypress: l
140.9878 	EXP 	Sound  started
141.0411 	WARNING 	Response was not present in the stimulus stream
141.0412 	WARNING 	Response was not present in the stimulus stream
141.1422 	EXP 	Set  sound=G
141.1427 	EXP 	Set  sound=F
141.1427 	EXP 	Set Sound  volume=0.900
141.1427 	EXP 	Set Sound  volume=1.000
141.1427 	EXP 	Sound  started
141.5447 	EXP 	New trial (rep=0, index=10): {'leftStreamFlip': False, 'rightResponseFirst': True, 'rightStreamFlip': False, 'cuePos': 10}
145.5544 	EXP 	window1: recordFrameIntervals = False
146.6376 	DATA 	Keypress: f
146.6379 	EXP 	Sound  started
146.7049 	DATA 	Keypress: o
146.7052 	EXP 	Sound  started
146.8109 	DATA 	Keypress: r
146.8204 	EXP 	Sound  started
147.5938 	DATA 	Keypress: h
147.6038 	EXP 	Sound  started
147.7378 	DATA 	Keypress: e
147.7381 	EXP 	Sound  started
147.8371 	DATA 	Keypress: r
147.8373 	EXP 	Sound  started
148.0093 	EXP 	Set  sound=G
148.0099 	EXP 	Set  sound=F
148.0099 	EXP 	Set Sound  volume=0.900
148.0099 	EXP 	Set Sound  volume=1.000
148.0099 	EXP 	Sound  started
151.9887 	DATA 	Keypress: space
152.3908 	EXP 	New trial (rep=0, index=11): {'leftStreamFlip': True, 'rightResponseFirst': False, 'rightStreamFlip': True, 'cuePos': 10}
156.1215 	EXP 	window1: recordFrameIntervals = False
158.4053 	DATA 	Keypress: s
158.4055 	EXP 	Sound  started
158.4550 	DATA 	Keypress: h
158.4553 	EXP 	Sound  started
158.6062 	DATA 	Keypress: e
158.6065 	EXP 	Sound  started
159.3894 	DATA 	Keypress: t
159.3897 	EXP 	Sound  started
159.5550 	DATA 	Keypress: h
159.5552 	EXP 	Sound  started
159.6940 	DATA 	Keypress: e
159.7047 	EXP 	Sound  started
159.8225 	EXP 	Set  sound=G
159.8229 	EXP 	Set  sound=F
159.8229 	EXP 	Set Sound  volume=0.900
159.8229 	EXP 	Set Sound  volume=1.000
159.8229 	EXP 	Sound  started
160.2250 	EXP 	New trial (rep=0, index=12): {'leftStreamFlip': True, 'rightResponseFirst': True, 'rightStreamFlip': True, 'cuePos': 7}
164.0555 	EXP 	window1: recordFrameIntervals = False
165.6727 	DATA 	Keypress: s
165.6730 	EXP 	Sound  started
165.9277 	DATA 	Keypress: a
165.9384 	EXP 	Sound  started
166.0222 	DATA 	Keypress: w
166.0225 	EXP 	Sound  started
166.8284 	DATA 	Keypress: h
166.8401 	EXP 	Sound  started
166.9115 	DATA 	Keypress: o
166.9224 	EXP 	Sound  started
167.0232 	DATA 	Keypress: w
167.0235 	EXP 	Sound  started
167.0396 	WARNING 	Response was not present in the stimulus stream
167.1409 	EXP 	Set  sound=G
167.1414 	EXP 	Set  sound=F
167.1414 	EXP 	Set Sound  volume=0.900
167.1414 	EXP 	Set Sound  volume=1.000
167.1414 	EXP 	Sound  started
167.5443 	EXP 	New trial (rep=0, index=13): {'leftStreamFlip': True, 'rightResponseFirst': True, 'rightStreamFlip': True, 'cuePos': 9}
171.3397 	EXP 	window1: recordFrameIntervals = False
174.3066 	DATA 	Keypress: w
174.3068 	EXP 	Sound  started
174.4279 	DATA 	Keypress: a
174.4405 	EXP 	Sound  started
174.5099 	DATA 	Keypress: s
174.5229 	EXP 	Sound  started
175.2467 	DATA 	Keypress: h
175.2570 	EXP 	Sound  started
175.2951 	DATA 	Keypress: i
175.3061 	EXP 	Sound  started
175.4395 	DATA 	Keypress: t
175.4398 	EXP 	Sound  started
175.4570 	WARNING 	Response was not present in the stimulus stream
175.4571 	WARNING 	Response was not present in the stimulus stream
175.5582 	EXP 	Set  sound=G
175.5587 	EXP 	Set  sound=F
175.5587 	EXP 	Set Sound  volume=0.900
175.5587 	EXP 	Set Sound  volume=1.000
175.5587 	EXP 	Sound  started
175.9608 	EXP 	New trial (rep=0, index=14): {'leftStreamFlip': False, 'rightResponseFirst': True, 'rightStreamFlip': False, 'cuePos': 8}
179.6575 	EXP 	window1: recordFrameIntervals = False
180.5741 	DATA 	Keypress: s
180.5743 	EXP 	Sound  started
180.6909 	DATA 	Keypress: a
180.6912 	EXP 	Sound  started
180.7905 	DATA 	Keypress: y
180.7907 	EXP 	Sound  started
181.6738 	DATA 	Keypress: h
181.6741 	EXP 	Sound  started
181.7571 	DATA 	Keypress: o
181.7574 	EXP 	Sound  started
181.9409 	DATA 	Keypress: w
181.9412 	EXP 	Sound  started
182.0585 	EXP 	Set  sound=G
182.0590 	EXP 	Set  sound=F
182.0590 	EXP 	Set Sound  volume=0.900
182.0590 	EXP 	Set Sound  volume=1.000
182.0590 	EXP 	Sound  started
182.4601 	EXP 	New trial (rep=0, index=15): {'leftStreamFlip': False, 'rightResponseFirst': False, 'rightStreamFlip': False, 'cuePos': 8}
186.4581 	EXP 	window1: recordFrameIntervals = False
187.4132 	DATA 	Keypress: o
187.4246 	EXP 	Sound  started
187.4787 	DATA 	Keypress: u
187.4905 	EXP 	Sound  started
187.6239 	DATA 	Keypress: r
187.6242 	EXP 	Sound  started
188.2412 	DATA 	Keypress: s
188.2414 	EXP 	Sound  started
188.3485 	DATA 	Keypress: h
188.3572 	EXP 	Sound  started
188.4468 	DATA 	Keypress: e
188.4582 	EXP 	Sound  started
188.5758 	EXP 	Set  sound=G
188.5762 	EXP 	Set  sound=F
188.5762 	EXP 	Set Sound  volume=0.900
188.5762 	EXP 	Set Sound  volume=1.000
188.5762 	EXP 	Sound  started
188.9778 	EXP 	New trial (rep=0, index=16): {'leftStreamFlip': True, 'rightResponseFirst': True, 'rightStreamFlip': True, 'cuePos': 6}
193.0245 	EXP 	window1: recordFrameIntervals = False
194.0584 	DATA 	Keypress: s
194.0587 	EXP 	Sound  started
194.5801 	DATA 	Keypress: e
194.5918 	EXP 	Sound  started
194.7082 	DATA 	Keypress: e
194.7085 	EXP 	Sound  started
195.0921 	DATA 	Keypress: o
195.0924 	EXP 	Sound  started
195.3808 	DATA 	Keypress: u
195.3917 	EXP 	Sound  started
195.5471 	DATA 	Keypress: t
195.5584 	EXP 	Sound  started
195.6764 	EXP 	Set  sound=G
195.6769 	EXP 	Set  sound=F
195.6769 	EXP 	Set Sound  volume=0.900
195.6769 	EXP 	Set Sound  volume=1.000
195.6769 	EXP 	Sound  started
196.0790 	EXP 	New trial (rep=0, index=17): {'leftStreamFlip': True, 'rightResponseFirst': True, 'rightStreamFlip': True, 'cuePos': 10}
200.0427 	EXP 	window1: recordFrameIntervals = False
201.8141 	DATA 	Keypress: h
201.8254 	EXP 	Sound  started
201.8596 	DATA 	Keypress: i
201.8598 	EXP 	Sound  started
202.2922 	DATA 	Keypress: t
202.2925 	EXP 	Sound  started
202.9762 	DATA 	Keypress: w
202.9765 	EXP 	Sound  started
203.0602 	DATA 	Keypress: h
203.0606 	EXP 	Sound  started
203.6433 	DATA 	Keypress: y
203.6436 	EXP 	Sound  started
203.6625 	WARNING 	Response was not present in the stimulus stream
203.6625 	WARNING 	Response was not present in the stimulus stream
203.7638 	EXP 	Set  sound=G
203.7642 	EXP 	Set  sound=F
203.7642 	EXP 	Set Sound  volume=0.900
203.7642 	EXP 	Set Sound  volume=1.000
203.7642 	EXP 	Sound  started
204.1664 	EXP 	New trial (rep=0, index=18): {'leftStreamFlip': True, 'rightResponseFirst': False, 'rightStreamFlip': True, 'cuePos': 6}
208.2933 	EXP 	window1: recordFrameIntervals = False
208.3008 	ERROR 	trialnum=18 ERROR,1 frames were longer than 21.67 ms apparently screen refreshes skipped, interframe durs were:[ 25.8] and was these frames: [26]
208.3014 	INFO 	flankers also=[ 15.8  25.8   6.4]
211.3593 	DATA 	Keypress: w
211.3596 	EXP 	Sound  started
211.4822 	DATA 	Keypress: a
211.4928 	EXP 	Sound  started
211.7761 	DATA 	Keypress: s
211.7763 	EXP 	Sound  started
212.1269 	DATA 	Keypress: t
212.1272 	EXP 	Sound  started
212.2986 	DATA 	Keypress: w
212.3099 	EXP 	Sound  started
212.4339 	DATA 	Keypress: o
212.4434 	EXP 	Sound  started
212.4600 	WARNING 	Response was not present in the stimulus stream
212.5612 	EXP 	Set  sound=G
212.5616 	EXP 	Set  sound=F
212.5616 	EXP 	Set Sound  volume=0.900
212.5616 	EXP 	Set Sound  volume=1.000
212.5616 	EXP 	Sound  started
212.9630 	EXP 	New trial (rep=0, index=19): {'leftStreamFlip': False, 'rightResponseFirst': True, 'rightStreamFlip': False, 'cuePos': 6}
216.8265 	EXP 	window1: recordFrameIntervals = False
218.4279 	DATA 	Keypress: s
218.4283 	EXP 	Sound  started
218.5773 	DATA 	Keypress: a
218.5776 	EXP 	Sound  started
218.6496 	DATA 	Keypress: y
218.6610 	EXP 	Sound  started
219.0831 	DATA 	Keypress: a
219.0939 	EXP 	Sound  started
219.1774 	DATA 	Keypress: l
219.1777 	EXP 	Sound  started
219.3108 	DATA 	Keypress: l
219.3110 	EXP 	Sound  started
219.4288 	EXP 	Set  sound=G
219.4293 	EXP 	Set  sound=F
219.4293 	EXP 	Set Sound  volume=0.900
219.4293 	EXP 	Set Sound  volume=1.000
219.4293 	EXP 	Sound  started
219.8311 	INFO 	Finishing at 12:08 on 16 Mar 2015
219.8312 	INFO 	Of 20 trials, on 5.0% of all trials all targets reported exactly correct
219.8312 	INFO 	All targets approximately correct in 40.0% of trials
219.8313 	INFO 	stream0: 20.0% correct
219.8313 	INFO 	stream0: 55.0% approximately correct
219.8313 	INFO 	stream1: 20.0% correct
219.8313 	INFO 	stream1: 50.0% approximately correct
